<?xml version="1.0" encoding="UTF-8"?>
<!-- Generated by org.testng.reporters.JUnitReportReporter -->
<testsuite hostname="minnu" failures="0" tests="4" name="com.supermarket.tests.ManagePageTest" time="29.944" errors="0" timestamp="2022-10-26T16:21:32 GST" skipped="0">
  <testcase classname="com.supermarket.tests.ManagePageTest" name="search" time="5.676"/>
  <system-out/>
  <testcase classname="com.supermarket.tests.ManagePageTest" name="createItem" time="10.603"/>
  <system-out/>
  <testcase classname="com.supermarket.tests.ManagePageTest" name="editItem" time="9.658"/>
  <system-out/>
  <testcase classname="com.supermarket.tests.ManagePageTest" name="deleteItem" time="4.007"/>
  <system-out/>
</testsuite> <!-- com.supermarket.tests.ManagePageTest -->
