<?xml version="1.0" encoding="UTF-8"?>
<!-- Generated by org.testng.reporters.JUnitReportReporter -->
<testsuite hostname="minnu" failures="0" tests="2" name="com.supermarket.tests.ManageOrderTest" time="10.565" errors="0" timestamp="2022-10-26T00:58:24 GST" skipped="0">
  <testcase classname="com.supermarket.tests.ManageOrderTest" name="viewOrder" time="6.840"/>
  <system-out/>
  <testcase classname="com.supermarket.tests.ManageOrderTest" name="updateStatus" time="3.725"/>
  <system-out/>
</testsuite> <!-- com.supermarket.tests.ManageOrderTest -->
