<?xml version="1.0" encoding="UTF-8"?>
<!-- Generated by org.testng.reporters.JUnitReportReporter -->
<testsuite hostname="minnu" failures="0" tests="2" name="com.supermarket.tests.ManageLocationTest" time="8.849" errors="0" timestamp="2022-10-26T00:35:00 GST" skipped="0">
  <testcase classname="com.supermarket.tests.ManageLocationTest" name="createNewLocation" time="6.480"/>
  <system-out/>
  <testcase classname="com.supermarket.tests.ManageLocationTest" name="editlocationdetails" time="2.369"/>
  <system-out/>
</testsuite> <!-- com.supermarket.tests.ManageLocationTest -->
