<?xml version="1.0" encoding="UTF-8"?>
<!-- Generated by org.testng.reporters.JUnitReportReporter -->
<testsuite hostname="minnu" failures="0" tests="2" name="com.supermarket.tests.ManageUserTest" time="8.481" errors="0" timestamp="2022-10-25T17:08:51 GST" skipped="0">
  <testcase classname="com.supermarket.tests.ManageUserTest" name="search" time="8.284"/>
  <system-out/>
  <testcase classname="com.supermarket.tests.ManageUserTest" name="passwordValidation" time="0.197"/>
  <system-out/>
</testsuite> <!-- com.supermarket.tests.ManageUserTest -->
