<?xml version="1.0" encoding="UTF-8"?>
<!-- Generated by org.testng.reporters.JUnitReportReporter -->
<testsuite hostname="minnu" failures="0" tests="4" name="com.supermarket.tests.ManageLocationTest" time="15.995" errors="0" timestamp="2022-10-27T18:32:10 GST" skipped="0">
  <testcase classname="com.supermarket.tests.ManageLocationTest" name="createNewLocation" time="7.822"/>
  <system-out/>
  <testcase classname="com.supermarket.tests.ManageLocationTest" name="editlocationdetails" time="2.382"/>
  <system-out/>
  <testcase classname="com.supermarket.tests.ManageLocationTest" name="search" time="4.975"/>
  <system-out/>
  <testcase classname="com.supermarket.tests.ManageLocationTest" name="delete" time="0.816"/>
  <system-out/>
</testsuite> <!-- com.supermarket.tests.ManageLocationTest -->
