<?xml version="1.0" encoding="UTF-8"?>
<!-- Generated by org.testng.reporters.JUnitReportReporter -->
<testsuite hostname="minnu" failures="0" tests="2" name="com.supermarket.tests.LoginTestCase" time="4.133" errors="0" timestamp="2022-10-25T06:31:00 GST" skipped="1">
  <testcase classname="com.supermarket.tests.LoginTestCase" name="validateWithValidCredentials" time="4.133"/>
  <system-out/>
  <testcase classname="com.supermarket.tests.LoginTestCase" name="validateWithInvalidCredentials">
    <skipped/>
  </testcase> <!-- validateWithInvalidCredentials -->
  <system-out/>
</testsuite> <!-- com.supermarket.tests.LoginTestCase -->
